<?xml version="1.0" encoding="UTF-8"?>
<!-- Generated by org.testng.reporters.JUnitReportReporter -->
<testsuite hostname="QT-INBG-LT0429" failures="0" tests="1" name="Firstpro.Login" time="16.972" errors="0" timestamp="2022-07-18T09:05:42 IST" skipped="0">
  <testcase classname="Firstpro.Login" name="Logintro" time="16.972"/>
  <system-out/>
</testsuite> <!-- Firstpro.Login -->
