<?xml version="1.0" encoding="UTF-8"?>
<!-- Generated by org.testng.reporters.JUnitReportReporter -->
<testsuite hostname="QT-INBG-LT0429" failures="0" tests="1" name="Firstpro.Allmobiles" time="14.060" errors="0" timestamp="2022-07-18T12:50:59 IST" skipped="0">
  <testcase classname="Firstpro.Allmobiles" name="Logintro" time="14.060"/>
  <system-out/>
</testsuite> <!-- Firstpro.Allmobiles -->
