<?xml version="1.0" encoding="UTF-8"?>
<!-- Generated by org.testng.reporters.JUnitReportReporter -->
<testsuite hostname="QT-INBG-LT0429" failures="0" tests="1" name="Firstpro.Contactus" time="12.016" errors="0" timestamp="2022-07-18T12:13:09 IST" skipped="0">
  <testcase classname="Firstpro.Contactus" name="Logintro" time="12.016"/>
  <system-out/>
</testsuite> <!-- Firstpro.Contactus -->
