<?xml version="1.0" encoding="UTF-8"?>
<!-- Generated by org.testng.reporters.JUnitReportReporter -->
<testsuite hostname="QT-INBG-LT0429" failures="0" tests="1" name="Firstpro.Signup" time="11.203" errors="0" timestamp="2022-07-14T12:12:38 IST" skipped="0">
  <testcase classname="Firstpro.Signup" name="Intro" time="11.203"/>
  <system-out/>
</testsuite> <!-- Firstpro.Signup -->
